<?xml version="1.0" encoding="UTF-8"?>
<!-- Generated by org.testng.reporters.JUnitXMLReporter -->
<testsuite ignored="5" hostname="Krishnas-MacBook-Air.local" failures="0" tests="4" name="TestViji" time="55.899" errors="0" timestamp="2021-12-22T08:40:10 IST">
  <testcase classname="com.qa.tests.LoginTests" name="invalidPassword" time="4.768"/>
  <testcase classname="com.qa.tests.LoginTests" name="successfulLogin" time="4.002"/>
  <testcase classname="com.qa.tests.ProductTests" name="validateProductOnProductsPage" time="9.096"/>
  <testcase classname="com.qa.tests.ProductTests" name="validateProductOnProductDetailsPage" time="18.93"/>
  <testcase classname="com.qa.BaseTest" name="@AfterTest afterTest" time="0.0">
    <ignored/>
  </testcase> <!-- @AfterTest afterTest -->
  <testcase classname="com.qa.tests.LoginTests" name="invalidUserName" time="0.0">
    <ignored/>
  </testcase> <!-- invalidUserName -->
  <testcase classname="com.qa.BaseTest" name="@BeforeTest beforeTest" time="0.0">
    <ignored/>
  </testcase> <!-- @BeforeTest beforeTest -->
  <testcase classname="com.qa.BaseTest" name="baseTest" time="0.0">
    <ignored/>
  </testcase> <!-- baseTest -->
  <testcase classname="com.qa.BaseTest" name="baseTest" time="0.0">
    <ignored/>
  </testcase> <!-- baseTest -->
</testsuite> <!-- TestViji -->
