<?xml version="1.0" encoding="UTF-8"?>
<!-- Generated by org.testng.reporters.JUnitXMLReporter -->
<testsuite ignored="7" hostname="Krishnas-MacBook-Air.local" failures="0" tests="4" name="Test simulator" time="44.257" errors="0" timestamp="2021-12-24T06:18:18 IST">
  <testcase classname="com.qa.tests.LoginTests" name="invalidPassword" time="3.62"/>
  <testcase classname="com.qa.tests.LoginTests" name="successfulLogin" time="2.877"/>
  <testcase classname="com.qa.tests.ProductTests" name="validateProductOnProductsPage" time="5.243"/>
  <testcase classname="com.qa.tests.ProductTests" name="validateProductOnProductDetailsPage" time="14.249"/>
  <testcase classname="com.qa.BaseTest" name="@AfterTest afterTest" time="0.0">
    <ignored/>
  </testcase> <!-- @AfterTest afterTest -->
  <testcase classname="com.qa.BaseTest" name="@BeforeSuite beforeSuite" time="0.0">
    <ignored/>
  </testcase> <!-- @BeforeSuite beforeSuite -->
  <testcase classname="com.qa.tests.LoginTests" name="invalidUserName" time="0.0">
    <ignored/>
  </testcase> <!-- invalidUserName -->
  <testcase classname="com.qa.BaseTest" name="@BeforeTest beforeTest" time="0.0">
    <ignored/>
  </testcase> <!-- @BeforeTest beforeTest -->
  <testcase classname="com.qa.BaseTest" name="@AfterSuite afterSuite" time="0.0">
    <ignored/>
  </testcase> <!-- @AfterSuite afterSuite -->
  <testcase classname="com.qa.BaseTest" name="baseTest" time="0.0">
    <ignored/>
  </testcase> <!-- baseTest -->
  <testcase classname="com.qa.BaseTest" name="baseTest" time="0.0">
    <ignored/>
  </testcase> <!-- baseTest -->
</testsuite> <!-- Test simulator -->
