<?xml version="1.0" encoding="UTF-8"?>
<testsuite xmlns:xsi="http://www.w3.org/2001/XMLSchema-instance" xsi:noNamespaceSchemaLocation="https://maven.apache.org/surefire/maven-surefire-plugin/xsd/surefire-test-report-3.0.xsd" version="3.0" name="TestSuite" time="50.291" tests="4" errors="0" skipped="0" failures="0">
  <properties>
[...]
</properties>
  <testcase name="invalidPassword" classname="com.qa.tests.LoginTests" time="3.621"/>
  <testcase name="successfulLogin" classname="com.qa.tests.LoginTests" time="2.877"/>
  <testcase name="validateProductOnProductsPage" classname="com.qa.tests.ProductTests" time="5.243"/>
  <testcase name="validateProductOnProductDetailsPage" classname="com.qa.tests.ProductTests" time="14.249"/>
</testsuite>