<?xml version="1.0" encoding="UTF-8"?>
<testng-results ignored="7" total="11" passed="4" failed="0" skipped="0">
  <reporter-output>
  </reporter-output>
  <suite started-at="2021-12-24T06:17:34 IST" name="Suite" finished-at="2021-12-24T06:18:18 IST" duration-ms="44257">
    <groups>
    </groups>
    <test started-at="2021-12-24T06:17:34 IST" name="Test simulator" finished-at="2021-12-24T06:18:18 IST" duration-ms="44257">
      <class name="com.qa.tests.LoginTests">
        <test-method is-config="true" signature="beforeSuite()[pri:0, instance:com.qa.tests.LoginTests@54e1c68b]" started-at="2021-12-24T06:17:33 IST" name="beforeSuite" finished-at="2021-12-24T06:17:34 IST" duration-ms="738" status="PASS">
          <reporter-output>
          </reporter-output>
        </test-method> <!-- beforeSuite -->
        <test-method is-config="true" signature="beforeTest(java.lang.String,java.lang.String,java.lang.String,java.lang.String)[pri:0, instance:com.qa.tests.LoginTests@54e1c68b]" started-at="2021-12-24T06:17:34 IST" name="beforeTest" finished-at="2021-12-24T06:17:45 IST" duration-ms="11222" status="PASS">
          <params>
            <param index="0">
              <value>
                <![CDATA[Android]]>
              </value>
            </param>
            <param index="1">
              <value>
                <![CDATA[Pixel4]]>
              </value>
            </param>
            <param index="2">
              <value>
                <![CDATA[true]]>
              </value>
            </param>
            <param index="3">
              <value>
                <![CDATA[192.168.29.234:5555]]>
              </value>
            </param>
          </params>
          <reporter-output>
          </reporter-output>
        </test-method> <!-- beforeTest -->
        <test-method is-config="true" signature="beforeClass()[pri:0, instance:com.qa.tests.LoginTests@54e1c68b]" started-at="2021-12-24T06:17:45 IST" name="beforeClass" finished-at="2021-12-24T06:17:45 IST" duration-ms="2" status="PASS">
          <reporter-output>
          </reporter-output>
        </test-method> <!-- beforeClass -->
        <test-method is-config="true" signature="beforeMethod()[pri:0, instance:com.qa.tests.LoginTests@54e1c68b]" started-at="2021-12-24T06:17:45 IST" name="beforeMethod" finished-at="2021-12-24T06:17:46 IST" duration-ms="482" status="PASS">
          <reporter-output>
          </reporter-output>
        </test-method> <!-- beforeMethod -->
        <test-method is-config="true" signature="beforeMethod(java.lang.reflect.Method)[pri:0, instance:com.qa.tests.LoginTests@54e1c68b]" started-at="2021-12-24T06:17:46 IST" name="beforeMethod" finished-at="2021-12-24T06:17:46 IST" duration-ms="88" status="PASS">
          <params>
            <param index="0">
              <value>
                <![CDATA[public void com.qa.tests.LoginTests.invalidPassword()]]>
              </value>
            </param>
          </params>
          <reporter-output>
          </reporter-output>
        </test-method> <!-- beforeMethod -->
        <test-method signature="invalidPassword()[pri:0, instance:com.qa.tests.LoginTests@54e1c68b]" started-at="2021-12-24T06:17:46 IST" name="invalidPassword" finished-at="2021-12-24T06:17:49 IST" duration-ms="3620" status="PASS">
          <reporter-output>
          </reporter-output>
        </test-method> <!-- invalidPassword -->
        <test-method is-config="true" signature="afterMethod()[pri:0, instance:com.qa.tests.LoginTests@54e1c68b]" started-at="2021-12-24T06:17:49 IST" name="afterMethod" finished-at="2021-12-24T06:17:49 IST" duration-ms="1" status="PASS">
          <reporter-output>
          </reporter-output>
        </test-method> <!-- afterMethod -->
        <test-method is-config="true" signature="afterMethod(org.testng.ITestResult)[pri:0, instance:com.qa.tests.LoginTests@54e1c68b]" started-at="2021-12-24T06:17:49 IST" name="afterMethod" finished-at="2021-12-24T06:17:50 IST" duration-ms="878" status="PASS">
          <params>
            <param index="0">
              <value>
                <![CDATA[[TestResult name=invalidPassword status=SUCCESS method=LoginTests.invalidPassword()[pri:0, instance:com.qa.tests.LoginTests@54e1c68b] output={null}]]]>
              </value>
            </param>
          </params>
          <reporter-output>
          </reporter-output>
        </test-method> <!-- afterMethod -->
        <test-method is-config="true" signature="beforeMethod()[pri:0, instance:com.qa.tests.LoginTests@54e1c68b]" started-at="2021-12-24T06:17:50 IST" name="beforeMethod" finished-at="2021-12-24T06:17:51 IST" duration-ms="445" status="PASS">
          <reporter-output>
          </reporter-output>
        </test-method> <!-- beforeMethod -->
        <test-method is-config="true" signature="beforeMethod(java.lang.reflect.Method)[pri:0, instance:com.qa.tests.LoginTests@54e1c68b]" started-at="2021-12-24T06:17:51 IST" name="beforeMethod" finished-at="2021-12-24T06:17:51 IST" duration-ms="2" status="PASS">
          <params>
            <param index="0">
              <value>
                <![CDATA[public void com.qa.tests.LoginTests.successfulLogin()]]>
              </value>
            </param>
          </params>
          <reporter-output>
          </reporter-output>
        </test-method> <!-- beforeMethod -->
        <test-method signature="successfulLogin()[pri:0, instance:com.qa.tests.LoginTests@54e1c68b]" started-at="2021-12-24T06:17:51 IST" name="successfulLogin" finished-at="2021-12-24T06:17:53 IST" duration-ms="2877" status="PASS">
          <reporter-output>
          </reporter-output>
        </test-method> <!-- successfulLogin -->
        <test-method is-config="true" signature="afterMethod(org.testng.ITestResult)[pri:0, instance:com.qa.tests.LoginTests@54e1c68b]" started-at="2021-12-24T06:17:53 IST" name="afterMethod" finished-at="2021-12-24T06:17:54 IST" duration-ms="815" status="PASS">
          <params>
            <param index="0">
              <value>
                <![CDATA[[TestResult name=successfulLogin status=SUCCESS method=LoginTests.successfulLogin()[pri:0, instance:com.qa.tests.LoginTests@54e1c68b] output={null}]]]>
              </value>
            </param>
          </params>
          <reporter-output>
          </reporter-output>
        </test-method> <!-- afterMethod -->
        <test-method is-config="true" signature="afterMethod()[pri:0, instance:com.qa.tests.LoginTests@54e1c68b]" started-at="2021-12-24T06:17:53 IST" name="afterMethod" finished-at="2021-12-24T06:17:53 IST" duration-ms="0" status="PASS">
          <reporter-output>
          </reporter-output>
        </test-method> <!-- afterMethod -->
        <test-method is-config="true" signature="AfterClass()[pri:0, instance:com.qa.tests.LoginTests@54e1c68b]" started-at="2021-12-24T06:17:54 IST" name="AfterClass" finished-at="2021-12-24T06:17:54 IST" duration-ms="64" status="PASS">
          <reporter-output>
          </reporter-output>
        </test-method> <!-- AfterClass -->
        <test-method is-config="true" signature="afterTest()[pri:0, instance:com.qa.tests.LoginTests@54e1c68b]" started-at="2021-12-24T06:18:18 IST" name="afterTest" finished-at="2021-12-24T06:18:18 IST" duration-ms="133" status="PASS">
          <reporter-output>
          </reporter-output>
        </test-method> <!-- afterTest -->
        <test-method is-config="true" signature="afterSuite()[pri:0, instance:com.qa.tests.LoginTests@54e1c68b]" started-at="2021-12-24T06:18:18 IST" name="afterSuite" finished-at="2021-12-24T06:18:23 IST" duration-ms="4799" status="PASS">
          <reporter-output>
          </reporter-output>
        </test-method> <!-- afterSuite -->
      </class> <!-- com.qa.tests.LoginTests -->
      <class name="com.qa.tests.ProductTests">
        <test-method is-config="true" signature="beforeClass()[pri:0, instance:com.qa.tests.ProductTests@a38c7fe]" started-at="2021-12-24T06:17:54 IST" name="beforeClass" finished-at="2021-12-24T06:17:55 IST" duration-ms="879" status="PASS">
          <reporter-output>
          </reporter-output>
        </test-method> <!-- beforeClass -->
        <test-method is-config="true" signature="beforeMethod()[pri:0, instance:com.qa.tests.ProductTests@a38c7fe]" started-at="2021-12-24T06:17:55 IST" name="beforeMethod" finished-at="2021-12-24T06:17:56 IST" duration-ms="451" status="PASS">
          <reporter-output>
          </reporter-output>
        </test-method> <!-- beforeMethod -->
        <test-method is-config="true" signature="beforeMethod(java.lang.reflect.Method)[pri:0, instance:com.qa.tests.ProductTests@a38c7fe]" started-at="2021-12-24T06:17:56 IST" name="beforeMethod" finished-at="2021-12-24T06:17:56 IST" duration-ms="1" status="PASS">
          <params>
            <param index="0">
              <value>
                <![CDATA[public void com.qa.tests.ProductTests.validateProductOnProductsPage()]]>
              </value>
            </param>
          </params>
          <reporter-output>
          </reporter-output>
        </test-method> <!-- beforeMethod -->
        <test-method signature="validateProductOnProductsPage()[pri:0, instance:com.qa.tests.ProductTests@a38c7fe]" started-at="2021-12-24T06:17:56 IST" name="validateProductOnProductsPage" finished-at="2021-12-24T06:18:01 IST" duration-ms="5243" status="PASS">
          <reporter-output>
          </reporter-output>
        </test-method> <!-- validateProductOnProductsPage -->
        <test-method is-config="true" signature="afterMethod(org.testng.ITestResult)[pri:0, instance:com.qa.tests.ProductTests@a38c7fe]" started-at="2021-12-24T06:18:01 IST" name="afterMethod" finished-at="2021-12-24T06:18:02 IST" duration-ms="948" status="PASS">
          <params>
            <param index="0">
              <value>
                <![CDATA[[TestResult name=validateProductOnProductsPage status=SUCCESS method=ProductTests.validateProductOnProductsPage()[pri:0, instance:com.qa.tests.ProductTests@a38c7fe] output={null}]]]>
              </value>
            </param>
          </params>
          <reporter-output>
          </reporter-output>
        </test-method> <!-- afterMethod -->
        <test-method is-config="true" signature="afterMethod()[pri:0, instance:com.qa.tests.ProductTests@a38c7fe]" started-at="2021-12-24T06:18:01 IST" name="afterMethod" finished-at="2021-12-24T06:18:01 IST" duration-ms="0" status="PASS">
          <reporter-output>
          </reporter-output>
        </test-method> <!-- afterMethod -->
        <test-method is-config="true" signature="beforeMethod()[pri:0, instance:com.qa.tests.ProductTests@a38c7fe]" started-at="2021-12-24T06:18:02 IST" name="beforeMethod" finished-at="2021-12-24T06:18:02 IST" duration-ms="448" status="PASS">
          <reporter-output>
          </reporter-output>
        </test-method> <!-- beforeMethod -->
        <test-method is-config="true" signature="beforeMethod(java.lang.reflect.Method)[pri:0, instance:com.qa.tests.ProductTests@a38c7fe]" started-at="2021-12-24T06:18:02 IST" name="beforeMethod" finished-at="2021-12-24T06:18:02 IST" duration-ms="0" status="PASS">
          <params>
            <param index="0">
              <value>
                <![CDATA[public void com.qa.tests.ProductTests.validateProductOnProductDetailsPage() throws java.lang.InterruptedException]]>
              </value>
            </param>
          </params>
          <reporter-output>
          </reporter-output>
        </test-method> <!-- beforeMethod -->
        <test-method signature="validateProductOnProductDetailsPage()[pri:0, instance:com.qa.tests.ProductTests@a38c7fe]" started-at="2021-12-24T06:18:02 IST" name="validateProductOnProductDetailsPage" finished-at="2021-12-24T06:18:17 IST" depends-on-methods="com.qa.tests.ProductTests.validateProductOnProductsPage" duration-ms="14249" status="PASS">
          <reporter-output>
          </reporter-output>
        </test-method> <!-- validateProductOnProductDetailsPage -->
        <test-method is-config="true" signature="afterMethod(org.testng.ITestResult)[pri:0, instance:com.qa.tests.ProductTests@a38c7fe]" started-at="2021-12-24T06:18:17 IST" name="afterMethod" finished-at="2021-12-24T06:18:18 IST" duration-ms="1327" status="PASS">
          <params>
            <param index="0">
              <value>
                <![CDATA[[TestResult name=validateProductOnProductDetailsPage status=SUCCESS method=ProductTests.validateProductOnProductDetailsPage()[pri:0, instance:com.qa.tests.ProductTests@a38c7fe] output={null}]]]>
              </value>
            </param>
          </params>
          <reporter-output>
          </reporter-output>
        </test-method> <!-- afterMethod -->
        <test-method is-config="true" signature="afterMethod()[pri:0, instance:com.qa.tests.ProductTests@a38c7fe]" started-at="2021-12-24T06:18:17 IST" name="afterMethod" finished-at="2021-12-24T06:18:17 IST" duration-ms="0" status="PASS">
          <reporter-output>
          </reporter-output>
        </test-method> <!-- afterMethod -->
        <test-method is-config="true" signature="AfterClass()[pri:0, instance:com.qa.tests.ProductTests@a38c7fe]" started-at="2021-12-24T06:18:18 IST" name="AfterClass" finished-at="2021-12-24T06:18:18 IST" duration-ms="61" status="PASS">
          <reporter-output>
          </reporter-output>
        </test-method> <!-- AfterClass -->
      </class> <!-- com.qa.tests.ProductTests -->
    </test> <!-- Test simulator -->
  </suite> <!-- Suite -->
</testng-results>
